<?xml version="1.0" encoding="UTF-8"?>
<!-- Generated by org.testng.reporters.JUnitXMLReporter -->
<testsuite hostname="Vinay" ignored="0" name="Default test" tests="5" failures="0" timestamp="30 Dec 2017 06:03:10 GMT" time="0.103" errors="0">
  <testcase name="Car1" time="0.023" classname="groups.grp"/>
  <testcase name="Car2" time="0.003" classname="groups.grp"/>
  <testcase name="Scooter1" time="0.003" classname="groups.grp"/>
  <testcase name="Scooter2" time="0.003" classname="groups.grp"/>
  <testcase name="Sedan1" time="0.002" classname="groups.grp"/>
</testsuite> <!-- Default test -->
