<?xml version="1.0" encoding="UTF-8"?>
<!-- Generated by org.testng.reporters.JUnitXMLReporter -->
<testsuite hostname="Vinay" ignored="3" name="Test" tests="4" failures="0" timestamp="10 Feb 2018 02:25:10 GMT" time="0.103" errors="0">
  <testcase name="Car1" time="0.021" classname="groups.grp"/>
  <testcase name="Car1" time="0.003" classname="groups.grp"/>
  <testcase name="Car1" time="0.002" classname="groups.grp"/>
  <testcase name="Sedan1" time="0.013" classname="groups.grp"/>
  <testcase name="Scooter1" time="0.0" classname="groups.grp">
    <ignored/>
  </testcase> <!-- Scooter1 -->
  <testcase name="Car2" time="0.0" classname="groups.grp">
    <ignored/>
  </testcase> <!-- Car2 -->
  <testcase name="Scooter2" time="0.0" classname="groups.grp">
    <ignored/>
  </testcase> <!-- Scooter2 -->
</testsuite> <!-- Test -->
