<?xml version="1.0" encoding="UTF-8"?>
<testng-results skipped="0" failed="0" ignored="3" total="7" passed="4">
  <reporter-output>
  </reporter-output>
  <suite name="Suite" duration-ms="103" started-at="2018-02-10T02:25:10Z" finished-at="2018-02-10T02:25:10Z">
    <groups>
      <group name="Car">
        <method signature="grp.Car1()[pri:0, instance:groups.grp@6cc4c815]" name="Car1" class="groups.grp"/>
        <method signature="grp.Sedan1()[pri:0, instance:groups.grp@6cc4c815]" name="Sedan1" class="groups.grp"/>
      </group> <!-- Car -->
      <group name="Sedan Car">
        <method signature="grp.Sedan1()[pri:0, instance:groups.grp@6cc4c815]" name="Sedan1" class="groups.grp"/>
      </group> <!-- Sedan Car -->
    </groups>
    <test name="Test" duration-ms="103" started-at="2018-02-10T02:25:10Z" finished-at="2018-02-10T02:25:10Z">
      <class name="groups.grp">
        <test-method status="PASS" signature="Car1()[pri:0, instance:groups.grp@6cc4c815]" name="Car1" duration-ms="21" started-at="2018-02-10T07:55:10Z" finished-at="2018-02-10T07:55:10Z">
          <reporter-output>
          </reporter-output>
        </test-method> <!-- Car1 -->
        <test-method status="PASS" signature="Car1()[pri:0, instance:groups.grp@6cc4c815]" name="Car1" duration-ms="3" started-at="2018-02-10T07:55:10Z" finished-at="2018-02-10T07:55:10Z">
          <reporter-output>
          </reporter-output>
        </test-method> <!-- Car1 -->
        <test-method status="PASS" signature="Car1()[pri:0, instance:groups.grp@6cc4c815]" name="Car1" duration-ms="2" started-at="2018-02-10T07:55:10Z" finished-at="2018-02-10T07:55:10Z">
          <reporter-output>
          </reporter-output>
        </test-method> <!-- Car1 -->
        <test-method status="PASS" signature="Sedan1()[pri:0, instance:groups.grp@6cc4c815]" name="Sedan1" duration-ms="13" started-at="2018-02-10T07:55:10Z" finished-at="2018-02-10T07:55:10Z">
          <reporter-output>
          </reporter-output>
        </test-method> <!-- Sedan1 -->
      </class> <!-- groups.grp -->
    </test> <!-- Test -->
  </suite> <!-- Suite -->
</testng-results>
