<?xml version="1.0" encoding="UTF-8"?>
<!-- Generated by org.testng.reporters.JUnitReportReporter -->
<testsuite skipped="2" hostname="Vinay" name="groups.grp" tests="6" failures="0" timestamp="10 Feb 2018 02:25:10 GMT" time="0.039" errors="0">
  <testcase name="Car1" time="0.002" classname="groups.grp"/>
  <testcase name="Car1" time="0.021" classname="groups.grp"/>
  <testcase name="Sedan1" time="0.013" classname="groups.grp"/>
  <testcase name="Car1" time="0.003" classname="groups.grp"/>
  <testcase name="Car2" classname="groups.grp">
    <skipped/>
  </testcase> <!-- Car2 -->
  <testcase name="Scooter2" classname="groups.grp">
    <skipped/>
  </testcase> <!-- Scooter2 -->
</testsuite> <!-- groups.grp -->
